2026-02-01T10:40:03: Fixed layout shift
2026-02-01T16:36:59: Optimized queries
2026-02-01T10:44:51: Updated endpoints
2026-02-02T13:34:54: Wrote unit tests
2026-02-02T12:48:04: Fixed typo in docs
2026-02-02T14:53:27: Refined state management
2026-02-03T16:21:13: Refactored components
2026-02-03T15:00:47: Refactored components
2026-02-04T17:51:11: Optimized queries
2026-02-04T14:17:46: Initial scaffold
2026-02-04T14:26:52: Updated endpoints
2026-02-05T16:39:41: Fixed layout shift
2026-02-05T13:19:03: Updated config
2026-02-06T14:31:37: Fixed typo in docs
2026-02-06T12:18:56: Code cleanup
2026-02-06T12:39:47: Refined state management
2026-02-07T16:23:00: Updated dependencies
2026-02-08T17:51:59: Updated config
2026-02-09T13:58:54: Resolved conflicts
2026-02-09T16:21:25: Refined state management
2026-02-09T10:55:33: Updated styles
2026-02-10T13:20:59: Refined state management
2026-02-11T15:49:04: Updated dependencies
2026-02-12T13:05:59: Updated endpoints
2026-02-12T12:21:51: Updated config
2026-02-13T13:21:50: Resolved conflicts
2026-02-13T11:58:25: Refined state management
2026-02-14T11:17:49: Refactored components
2026-02-15T16:40:50: Updated endpoints
2026-02-16T15:27:27: Initial scaffold
2026-02-16T14:53:01: Updated styles
2026-02-16T15:17:25: Initial scaffold
2026-02-17T10:44:23: Fixed UI bug
